[0m11:36:14.579020 [debug] [MainThread]: Sending event: {'category': 'dbt', 'action': 'invocation', 'label': 'start', 'context': [<snowplow_tracker.self_describing_json.SelfDescribingJson object at 0x0000021C6F8EACE0>, <snowplow_tracker.self_describing_json.SelfDescribingJson object at 0x0000021C71A17E80>, <snowplow_tracker.self_describing_json.SelfDescribingJson object at 0x0000021C71A17CA0>]}


============================== 11:36:14.582018 | 53d2604e-70e3-49ad-b3c0-904127fe64a1 ==============================
[0m11:36:14.582018 [info ] [MainThread]: Running with dbt=1.9.2
[0m11:36:14.583018 [debug] [MainThread]: running dbt with arguments {'printer_width': '80', 'indirect_selection': 'eager', 'log_cache_events': 'False', 'write_json': 'True', 'partial_parse': 'True', 'cache_selected_only': 'False', 'warn_error': 'None', 'version_check': 'True', 'fail_fast': 'False', 'log_path': 'logs', 'debug': 'False', 'profiles_dir': 'C:\\Users\\marco\\.dbt', 'use_colors': 'True', 'use_experimental_parser': 'False', 'no_print': 'None', 'quiet': 'False', 'empty': 'None', 'warn_error_options': 'WarnErrorOptions(include=[], exclude=[])', 'static_parser': 'True', 'invocation_command': 'dbt init dbt_postgre', 'introspect': 'True', 'target_path': 'None', 'log_format': 'default', 'send_anonymous_usage_stats': 'True'}
[0m11:36:14.605028 [debug] [MainThread]: Starter project path: C:\Users\marco\AppData\Local\Programs\Python\Python310\lib\site-packages\dbt\include\starter_project
[0m11:36:14.631906 [info ] [MainThread]: 
Your new dbt project "dbt_postgre" was created!

For more information on how to configure the profiles.yml file,
please consult the dbt documentation here:

  https://docs.getdbt.com/docs/configure-your-profile

One more thing:

Need help? Don't hesitate to reach out to us via GitHub issues or on Slack:

  https://community.getdbt.com/

Happy modeling!

[0m11:36:14.633907 [info ] [MainThread]: Setting up your profile.
[0m11:36:41.449045 [info ] [MainThread]: Profile dbt_postgre written to C:\Users\marco\.dbt\profiles.yml using target's profile_template.yml and your supplied values. Run 'dbt debug' to validate the connection.
[0m11:36:41.450629 [debug] [MainThread]: Command `dbt init` succeeded at 11:36:41.450629 after 26.95 seconds
[0m11:36:41.451151 [debug] [MainThread]: Sending event: {'category': 'dbt', 'action': 'invocation', 'label': 'end', 'context': [<snowplow_tracker.self_describing_json.SelfDescribingJson object at 0x0000021C6F8EACE0>, <snowplow_tracker.self_describing_json.SelfDescribingJson object at 0x0000021C71A0D1E0>, <snowplow_tracker.self_describing_json.SelfDescribingJson object at 0x0000021C71A17C40>]}
[0m11:36:41.451685 [debug] [MainThread]: Flushing usage events
[0m11:36:42.104634 [debug] [MainThread]: An error was encountered while trying to flush usage events
[0m07:57:41.767965 [debug] [MainThread]: Sending event: {'category': 'dbt', 'action': 'invocation', 'label': 'start', 'context': [<snowplow_tracker.self_describing_json.SelfDescribingJson object at 0x0000020789EB96F0>, <snowplow_tracker.self_describing_json.SelfDescribingJson object at 0x000002078BDA8910>, <snowplow_tracker.self_describing_json.SelfDescribingJson object at 0x000002078BDA83D0>]}


============================== 07:57:41.771965 | b466b92d-8773-4ab3-872b-6412aade59da ==============================
[0m07:57:41.771965 [info ] [MainThread]: Running with dbt=1.9.3
[0m07:57:41.772965 [debug] [MainThread]: running dbt with arguments {'printer_width': '80', 'indirect_selection': 'eager', 'write_json': 'True', 'log_cache_events': 'False', 'partial_parse': 'True', 'cache_selected_only': 'False', 'warn_error': 'None', 'fail_fast': 'False', 'profiles_dir': 'C:\\Users\\marco\\.dbt', 'log_path': 'logs', 'version_check': 'True', 'debug': 'False', 'use_colors': 'True', 'use_experimental_parser': 'False', 'no_print': 'None', 'quiet': 'False', 'empty': 'None', 'log_format': 'default', 'invocation_command': 'dbt init snowflake_dwh', 'warn_error_options': 'WarnErrorOptions(include=[], exclude=[])', 'static_parser': 'True', 'target_path': 'None', 'introspect': 'True', 'send_anonymous_usage_stats': 'True'}
[0m07:57:41.790966 [debug] [MainThread]: Starter project path: D:\Programming\My Work\Personal\Tools-Onboarding\DBT\dbt-env\lib\site-packages\dbt\include\starter_project
[0m07:57:41.843419 [info ] [MainThread]: 
Your new dbt project "snowflake_dwh" was created!

For more information on how to configure the profiles.yml file,
please consult the dbt documentation here:

  https://docs.getdbt.com/docs/configure-your-profile

One more thing:

Need help? Don't hesitate to reach out to us via GitHub issues or on Slack:

  https://community.getdbt.com/

Happy modeling!

[0m07:57:41.843915 [info ] [MainThread]: Setting up your profile.
[0m08:06:57.931398 [info ] [MainThread]: Profile snowflake_dwh written to C:\Users\marco\.dbt\profiles.yml using target's profile_template.yml and your supplied values. Run 'dbt debug' to validate the connection.
[0m08:06:57.931398 [debug] [MainThread]: Command `dbt init` succeeded at 08:06:57.931398 after 556.24 seconds
[0m08:06:57.931398 [debug] [MainThread]: Sending event: {'category': 'dbt', 'action': 'invocation', 'label': 'end', 'context': [<snowplow_tracker.self_describing_json.SelfDescribingJson object at 0x0000020789EB96F0>, <snowplow_tracker.self_describing_json.SelfDescribingJson object at 0x000002078BDA8EE0>, <snowplow_tracker.self_describing_json.SelfDescribingJson object at 0x000002078BDA96C0>]}
[0m08:06:57.931398 [debug] [MainThread]: Flushing usage events
[0m08:06:58.653308 [debug] [MainThread]: An error was encountered while trying to flush usage events
